# JRE version: Java(TM) SE Runtime Environment (15.0.1+9) (build 15.0.1+9-18)
# Java VM: Java HotSpot(TM) 64-Bit Server VM (15.0.1+9-18, mixed mode, sharing, tiered, compressed oops, g1 gc, windows-amd64)
GC Precious Log:
 CPUs: 8 total, 8 available
 Memory: 16139M
 Large Page Support: Disabled
 NUMA Support: Disabled
 Compressed Oops: Enabled (Zero based)
 Heap Region Size: 2M
 Heap Min Capacity: 8M
 Heap Initial Capacity: 254M
 Heap Max Capacity: 4036M
 Pre-touch: Disabled
 Parallel Workers: 8
 Concurrent Workers: 2
 Concurrent Refinement Workers: 8
 Periodic GC: Disabled
Heap:
 garbage-first heap   total 768000K, used 254939K [0x0000000703c00000, 0x0000000800000000)
  region size 2048K, 1 young (2048K), 1 survivors (2048K)
 Metaspace       used 170846K, capacity 172133K, committed 172232K, reserved 1210368K
  class space    used 18900K, capacity 19320K, committed 19404K, reserved 1048576K
GC Heap History (20 events):
Event: 674.019 GC heap before
{Heap before GC invocations=81 (full 0):
 garbage-first heap   total 768000K, used 671759K [0x0000000703c00000, 0x0000000800000000)
  region size 2048K, 205 young (419840K), 2 survivors (4096K)
 Metaspace       used 169332K, capacity 170535K, committed 170568K, reserved 1200128K
  class space    used 18864K, capacity 19258K, committed 19276K, reserved 1048576K
}
Event: 674.026 GC heap after
{Heap after GC invocations=82 (full 0):
 garbage-first heap   total 768000K, used 255944K [0x0000000703c00000, 0x0000000800000000)
  region size 2048K, 2 young (4096K), 2 survivors (4096K)
 Metaspace       used 169332K, capacity 170535K, committed 170568K, reserved 1200128K
  class space    used 18864K, capacity 19258K, committed 19276K, reserved 1048576K
}
Event: 760.155 GC heap before
{Heap before GC invocations=82 (full 0):
 garbage-first heap   total 768000K, used 673736K [0x0000000703c00000, 0x0000000800000000)
  region size 2048K, 206 young (421888K), 2 survivors (4096K)
 Metaspace       used 169586K, capacity 170885K, committed 171080K, reserved 1202176K
  class space    used 18867K, capacity 19263K, committed 19276K, reserved 1048576K
}
Event: 760.162 GC heap after
{Heap after GC invocations=83 (full 0):
 garbage-first heap   total 768000K, used 256138K [0x0000000703c00000, 0x0000000800000000)
  region size 2048K, 2 young (4096K), 2 survivors (4096K)
 Metaspace       used 169586K, capacity 170885K, committed 171080K, reserved 1202176K
  class space    used 18867K, capacity 19263K, committed 19276K, reserved 1048576K
}
Event: 852.722 GC heap before
{Heap before GC invocations=84 (full 0):
 garbage-first heap   total 768000K, used 675978K [0x0000000703c00000, 0x0000000800000000)
  region size 2048K, 207 young (423936K), 2 survivors (4096K)
 Metaspace       used 170072K, capacity 171316K, committed 171464K, reserved 1202176K
  class space    used 18884K, capacity 19291K, committed 19404K, reserved 1048576K
}
Event: 852.729 GC heap after
{Heap after GC invocations=85 (full 0):
 garbage-first heap   total 768000K, used 256195K [0x0000000703c00000, 0x0000000800000000)
  region size 2048K, 2 young (4096K), 2 survivors (4096K)
 Metaspace       used 170072K, capacity 171316K, committed 171464K, reserved 1202176K
  class space    used 18884K, capacity 19291K, committed 19404K, reserved 1048576K
}
Event: 954.811 GC heap before
{Heap before GC invocations=85 (full 0):
 garbage-first heap   total 768000K, used 678083K [0x0000000703c00000, 0x0000000800000000)
  region size 2048K, 208 young (425984K), 2 survivors (4096K)
 Metaspace       used 170137K, capacity 171444K, committed 171720K, reserved 1202176K
  class space    used 18884K, capacity 19291K, committed 19404K, reserved 1048576K
}
Event: 954.815 GC heap after
{Heap after GC invocations=86 (full 0):
 garbage-first heap   total 768000K, used 255486K [0x0000000703c00000, 0x0000000800000000)
  region size 2048K, 1 young (2048K), 1 survivors (2048K)
 Metaspace       used 170137K, capacity 171444K, committed 171720K, reserved 1202176K
  class space    used 18884K, capacity 19291K, committed 19404K, reserved 1048576K
}
Event: 1051.064 GC heap before
{Heap before GC invocations=87 (full 0):
 garbage-first heap   total 768000K, used 679422K [0x0000000703c00000, 0x0000000800000000)
  region size 2048K, 208 young (425984K), 1 survivors (2048K)
 Metaspace       used 170432K, capacity 171707K, committed 171976K, reserved 1202176K
  class space    used 18885K, capacity 19292K, committed 19404K, reserved 1048576K
}
Event: 1051.068 GC heap after
{Heap after GC invocations=88 (full 0):
 garbage-first heap   total 768000K, used 254842K [0x0000000703c00000, 0x0000000800000000)
  region size 2048K, 1 young (2048K), 1 survivors (2048K)
 Metaspace       used 170432K, capacity 171707K, committed 171976K, reserved 1202176K
  class space    used 18885K, capacity 19292K, committed 19404K, reserved 1048576K
}
Event: 1161.249 GC heap before
{Heap before GC invocations=88 (full 0):
 garbage-first heap   total 768000K, used 680826K [0x0000000703c00000, 0x0000000800000000)
  region size 2048K, 209 young (428032K), 1 survivors (2048K)
 Metaspace       used 170508K, capacity 171836K, committed 171976K, reserved 1202176K
  class space    used 18885K, capacity 19292K, committed 19404K, reserved 1048576K
}
Event: 1161.252 GC heap after
{Heap after GC invocations=89 (full 0):
 garbage-first heap   total 768000K, used 255543K [0x0000000703c00000, 0x0000000800000000)
  region size 2048K, 1 young (2048K), 1 survivors (2048K)
 Metaspace       used 170508K, capacity 171836K, committed 171976K, reserved 1202176K
  class space    used 18885K, capacity 19292K, committed 19404K, reserved 1048576K
}
Event: 1257.199 GC heap before
{Heap before GC invocations=90 (full 0):
 garbage-first heap   total 768000K, used 683575K [0x0000000703c00000, 0x0000000800000000)
  region size 2048K, 210 young (430080K), 1 survivors (2048K)
 Metaspace       used 170543K, capacity 171836K, committed 171976K, reserved 1202176K
  class space    used 18885K, capacity 19292K, committed 19404K, reserved 1048576K
}
Event: 1257.202 GC heap after
{Heap after GC invocations=91 (full 0):
 garbage-first heap   total 768000K, used 255091K [0x0000000703c00000, 0x0000000800000000)
  region size 2048K, 1 young (2048K), 1 survivors (2048K)
 Metaspace       used 170543K, capacity 171836K, committed 171976K, reserved 1202176K
  class space    used 18885K, capacity 19292K, committed 19404K, reserved 1048576K
}
Event: 1348.791 GC heap before
{Heap before GC invocations=91 (full 0):
 garbage-first heap   total 768000K, used 683123K [0x0000000703c00000, 0x0000000800000000)
  region size 2048K, 210 young (430080K), 1 survivors (2048K)
 Metaspace       used 170716K, capacity 172050K, committed 172232K, reserved 1202176K
  class space    used 18898K, capacity 19317K, committed 19404K, reserved 1048576K
}
Event: 1348.795 GC heap after
{Heap after GC invocations=92 (full 0):
 garbage-first heap   total 768000K, used 255686K [0x0000000703c00000, 0x0000000800000000)
  region size 2048K, 1 young (2048K), 1 survivors (2048K)
 Metaspace       used 170716K, capacity 172050K, committed 172232K, reserved 1202176K
  class space    used 18898K, capacity 19317K, committed 19404K, reserved 1048576K
}
Event: 1437.667 GC heap before
{Heap before GC invocations=93 (full 0):
 garbage-first heap   total 768000K, used 683718K [0x0000000703c00000, 0x0000000800000000)
  region size 2048K, 210 young (430080K), 1 survivors (2048K)
 Metaspace       used 170802K, capacity 172133K, committed 172232K, reserved 1202176K
  class space    used 18900K, capacity 19320K, committed 19404K, reserved 1048576K
}
Event: 1437.669 GC heap after
{Heap after GC invocations=94 (full 0):
 garbage-first heap   total 768000K, used 256266K [0x0000000703c00000, 0x0000000800000000)
  region size 2048K, 2 young (4096K), 2 survivors (4096K)
 Metaspace       used 170802K, capacity 172133K, committed 172232K, reserved 1202176K
  class space    used 18900K, capacity 19320K, committed 19404K, reserved 1048576K
}
Event: 1478.289 GC heap before
{Heap before GC invocations=94 (full 0):
 garbage-first heap   total 768000K, used 428298K [0x0000000703c00000, 0x0000000800000000)
  region size 2048K, 87 young (178176K), 2 survivors (4096K)
 Metaspace       used 170846K, capacity 172133K, committed 172232K, reserved 1208320K
  class space    used 18900K, capacity 19320K, committed 19404K, reserved 1048576K
}
Event: 1478.291 GC heap after
{Heap after GC invocations=95 (full 0):
 garbage-first heap   total 768000K, used 254939K [0x0000000703c00000, 0x0000000800000000)
  region size 2048K, 1 young (2048K), 1 survivors (2048K)
 Metaspace       used 170846K, capacity 172133K, committed 172232K, reserved 1208320K
  class space    used 18900K, capacity 19320K, committed 19404K, reserved 1048576K
}

