# JRE version: Java(TM) SE Runtime Environment (15.0.1+9) (build 15.0.1+9-18)
# Java VM: Java HotSpot(TM) 64-Bit Server VM (15.0.1+9-18, mixed mode, sharing, tiered, compressed oops, g1 gc, windows-amd64)
GC Precious Log:
 CPUs: 8 total, 8 available
 Memory: 16139M
 Large Page Support: Disabled
 NUMA Support: Disabled
 Compressed Oops: Enabled (Zero based)
 Heap Region Size: 2M
 Heap Min Capacity: 8M
 Heap Initial Capacity: 254M
 Heap Max Capacity: 4036M
 Pre-touch: Disabled
 Parallel Workers: 8
 Concurrent Workers: 2
 Concurrent Refinement Workers: 8
 Periodic GC: Disabled
Heap:
 garbage-first heap   total 294912K, used 121739K [0x0000000703c00000, 0x0000000800000000)
  region size 2048K, 4 young (8192K), 4 survivors (8192K)
 Metaspace       used 80177K, capacity 80863K, committed 81200K, reserved 1122304K
  class space    used 9031K, capacity 9247K, committed 9344K, reserved 1048576K
GC Heap History (20 events):
Event: 58.009 GC heap after
{Heap after GC invocations=34 (full 0):
 garbage-first heap   total 192512K, used 109319K [0x0000000703c00000, 0x0000000800000000)
  region size 2048K, 2 young (4096K), 2 survivors (4096K)
 Metaspace       used 76421K, capacity 77007K, committed 77104K, reserved 1118208K
  class space    used 8635K, capacity 8820K, committed 8832K, reserved 1048576K
}
Event: 58.383 GC heap before
{Heap before GC invocations=34 (full 0):
 garbage-first heap   total 192512K, used 144135K [0x0000000703c00000, 0x0000000800000000)
  region size 2048K, 19 young (38912K), 2 survivors (4096K)
 Metaspace       used 77721K, capacity 78369K, committed 78640K, reserved 1118208K
  class space    used 8784K, capacity 9015K, committed 9088K, reserved 1048576K
}
Event: 58.399 GC heap after
{Heap after GC invocations=35 (full 0):
 garbage-first heap   total 192512K, used 115371K [0x0000000703c00000, 0x0000000800000000)
  region size 2048K, 3 young (6144K), 3 survivors (6144K)
 Metaspace       used 77721K, capacity 78369K, committed 78640K, reserved 1118208K
  class space    used 8784K, capacity 9015K, committed 9088K, reserved 1048576K
}
Event: 58.900 GC heap before
{Heap before GC invocations=36 (full 0):
 garbage-first heap   total 212992K, used 148139K [0x0000000703c00000, 0x0000000800000000)
  region size 2048K, 19 young (38912K), 3 survivors (6144K)
 Metaspace       used 78755K, capacity 79361K, committed 79536K, reserved 1120256K
  class space    used 8898K, capacity 9111K, committed 9216K, reserved 1048576K
}
Event: 58.909 GC heap after
{Heap after GC invocations=37 (full 0):
 garbage-first heap   total 212992K, used 117912K [0x0000000703c00000, 0x0000000800000000)
  region size 2048K, 2 young (4096K), 2 survivors (4096K)
 Metaspace       used 78755K, capacity 79361K, committed 79536K, reserved 1120256K
  class space    used 8898K, capacity 9111K, committed 9216K, reserved 1048576K
}
Event: 58.950 GC heap before
{Heap before GC invocations=37 (full 0):
 garbage-first heap   total 212992K, used 124056K [0x0000000703c00000, 0x0000000800000000)
  region size 2048K, 5 young (10240K), 2 survivors (4096K)
 Metaspace       used 78759K, capacity 79361K, committed 79536K, reserved 1120256K
  class space    used 8898K, capacity 9111K, committed 9216K, reserved 1048576K
}
Event: 58.966 GC heap after
{Heap after GC invocations=38 (full 0):
 garbage-first heap   total 212992K, used 108462K [0x0000000703c00000, 0x0000000800000000)
  region size 2048K, 1 young (2048K), 1 survivors (2048K)
 Metaspace       used 78759K, capacity 79361K, committed 79536K, reserved 1120256K
  class space    used 8898K, capacity 9111K, committed 9216K, reserved 1048576K
}
Event: 59.231 GC heap before
{Heap before GC invocations=38 (full 0):
 garbage-first heap   total 212992K, used 159662K [0x0000000703c00000, 0x0000000800000000)
  region size 2048K, 26 young (53248K), 1 survivors (2048K)
 Metaspace       used 78846K, capacity 79443K, committed 79792K, reserved 1120256K
  class space    used 8901K, capacity 9117K, committed 9216K, reserved 1048576K
}
Event: 59.236 GC heap after
{Heap after GC invocations=39 (full 0):
 garbage-first heap   total 212992K, used 109549K [0x0000000703c00000, 0x0000000800000000)
  region size 2048K, 2 young (4096K), 2 survivors (4096K)
 Metaspace       used 78846K, capacity 79443K, committed 79792K, reserved 1120256K
  class space    used 8901K, capacity 9117K, committed 9216K, reserved 1048576K
}
Event: 59.548 GC heap before
{Heap before GC invocations=40 (full 0):
 garbage-first heap   total 223232K, used 162797K [0x0000000703c00000, 0x0000000800000000)
  region size 2048K, 28 young (57344K), 2 survivors (4096K)
 Metaspace       used 78865K, capacity 79507K, committed 79792K, reserved 1120256K
  class space    used 8901K, capacity 9117K, committed 9216K, reserved 1048576K
}
Event: 59.552 GC heap after
{Heap after GC invocations=41 (full 0):
 garbage-first heap   total 223232K, used 111273K [0x0000000703c00000, 0x0000000800000000)
  region size 2048K, 2 young (4096K), 2 survivors (4096K)
 Metaspace       used 78865K, capacity 79507K, committed 79792K, reserved 1120256K
  class space    used 8901K, capacity 9117K, committed 9216K, reserved 1048576K
}
Event: 59.799 GC heap before
{Heap before GC invocations=41 (full 0):
 garbage-first heap   total 223232K, used 174761K [0x0000000703c00000, 0x0000000800000000)
  region size 2048K, 33 young (67584K), 2 survivors (4096K)
 Metaspace       used 78915K, capacity 79507K, committed 79792K, reserved 1120256K
  class space    used 8901K, capacity 9117K, committed 9216K, reserved 1048576K
}
Event: 59.804 GC heap after
{Heap after GC invocations=42 (full 0):
 garbage-first heap   total 223232K, used 112792K [0x0000000703c00000, 0x0000000800000000)
  region size 2048K, 3 young (6144K), 3 survivors (6144K)
 Metaspace       used 78915K, capacity 79507K, committed 79792K, reserved 1120256K
  class space    used 8901K, capacity 9117K, committed 9216K, reserved 1048576K
}
Event: 60.164 GC heap before
{Heap before GC invocations=43 (full 0):
 garbage-first heap   total 229376K, used 178328K [0x0000000703c00000, 0x0000000800000000)
  region size 2048K, 35 young (71680K), 3 survivors (6144K)
 Metaspace       used 80097K, capacity 80735K, committed 80944K, reserved 1120256K
  class space    used 9030K, capacity 9247K, committed 9344K, reserved 1048576K
}
Event: 60.172 GC heap after
{Heap after GC invocations=44 (full 0):
 garbage-first heap   total 229376K, used 114411K [0x0000000703c00000, 0x0000000800000000)
  region size 2048K, 4 young (8192K), 4 survivors (8192K)
 Metaspace       used 80097K, capacity 80735K, committed 80944K, reserved 1120256K
  class space    used 9030K, capacity 9247K, committed 9344K, reserved 1048576K
}
Event: 60.275 GC heap before
{Heap before GC invocations=44 (full 0):
 garbage-first heap   total 229376K, used 184043K [0x0000000703c00000, 0x0000000800000000)
  region size 2048K, 38 young (77824K), 4 survivors (8192K)
 Metaspace       used 80116K, capacity 80735K, committed 80944K, reserved 1120256K
  class space    used 9030K, capacity 9247K, committed 9344K, reserved 1048576K
}
Event: 60.282 GC heap after
{Heap after GC invocations=45 (full 0):
 garbage-first heap   total 229376K, used 116202K [0x0000000703c00000, 0x0000000800000000)
  region size 2048K, 3 young (6144K), 3 survivors (6144K)
 Metaspace       used 80116K, capacity 80735K, committed 80944K, reserved 1120256K
  class space    used 9030K, capacity 9247K, committed 9344K, reserved 1048576K
}
Event: 60.416 GC heap before
{Heap before GC invocations=45 (full 0):
 garbage-first heap   total 229376K, used 187882K [0x0000000703c00000, 0x0000000800000000)
  region size 2048K, 38 young (77824K), 3 survivors (6144K)
 Metaspace       used 80127K, capacity 80735K, committed 80944K, reserved 1120256K
  class space    used 9030K, capacity 9247K, committed 9344K, reserved 1048576K
}
Event: 60.423 GC heap after
{Heap after GC invocations=46 (full 0):
 garbage-first heap   total 229376K, used 118915K [0x0000000703c00000, 0x0000000800000000)
  region size 2048K, 4 young (8192K), 4 survivors (8192K)
 Metaspace       used 80127K, capacity 80735K, committed 80944K, reserved 1120256K
  class space    used 9030K, capacity 9247K, committed 9344K, reserved 1048576K
}
Event: 60.553 GC heap before
{Heap before GC invocations=47 (full 0):
 garbage-first heap   total 229376K, used 188547K [0x0000000703c00000, 0x0000000800000000)
  region size 2048K, 38 young (77824K), 4 survivors (8192K)
 Metaspace       used 80177K, capacity 80863K, committed 81200K, reserved 1122304K
  class space    used 9031K, capacity 9247K, committed 9344K, reserved 1048576K
}

